Grammar

    0 $accept: START $end

    1 START: TEXT


Terminals, with rules where they appear

$end (0) 0
error (256)
TEXT (258) 1


Nonterminals, with rules where they appear

$accept (4)
    on left: 0
START (5)
    on left: 1, on right: 0


State 0

    0 $accept: . START $end

    TEXT  shift, and go to state 1

    START  go to state 2


State 1

    1 START: TEXT .

    $default  reduce using rule 1 (START)


State 2

    0 $accept: START . $end

    $end  shift, and go to state 3


State 3

    0 $accept: START $end .

    $default  accept
